<?xml version="1.0" encoding="UTF-8"?>
<!-- Generated by org.testng.reporters.JUnitReportReporter -->
<testsuite skipped="0" hostname="DESKTOP-CD7DCPV" name="com.testing.features.Dataprovider_concepts" tests="6" failures="0" timestamp="2022-04-06T22:19:52 IST" time="0.014" errors="0">
  <testcase name="automation_runner" time="0.001" classname="com.testing.features.Dataprovider_concepts"/>
  <system-out/>
  <testcase name="adactin_runner" time="0.002" classname="com.testing.features.Dataprovider_concepts"/>
  <system-out/>
  <testcase name="adactin_runner" time="0.007" classname="com.testing.features.Dataprovider_concepts"/>
  <system-out/>
  <testcase name="automation_runner" time="0.001" classname="com.testing.features.Dataprovider_concepts"/>
  <system-out/>
  <testcase name="adactin_runner" time="0.002" classname="com.testing.features.Dataprovider_concepts"/>
  <system-out/>
  <testcase name="automation_runner" time="0.001" classname="com.testing.features.Dataprovider_concepts"/>
  <system-out/>
</testsuite> <!-- com.testing.features.Dataprovider_concepts -->
