<?xml version="1.0" encoding="UTF-8"?>
<!-- Generated by org.testng.reporters.JUnitReportReporter -->
<testsuite skipped="0" hostname="DESKTOP-CD7DCPV" name="com.testing.features.Group_concepts" tests="7" failures="0" timestamp="2022-04-01T18:06:01 IST" time="0.008" errors="0">
  <testcase name="books" time="0.001" classname="com.testing.features.Group_concepts"/>
  <system-out/>
  <testcase name="wynk_music" time="0.003" classname="com.testing.features.Group_concepts"/>
  <system-out/>
  <testcase name="facebook" time="0.000" classname="com.testing.features.Group_concepts"/>
  <system-out/>
  <testcase name="instagram" time="0.000" classname="com.testing.features.Group_concepts"/>
  <system-out/>
  <testcase name="spotify" time="0.000" classname="com.testing.features.Group_concepts"/>
  <system-out/>
  <testcase name="whatsapp" time="0.002" classname="com.testing.features.Group_concepts"/>
  <system-out/>
  <testcase name="wikipedia" time="0.002" classname="com.testing.features.Group_concepts"/>
  <system-out/>
</testsuite> <!-- com.testing.features.Group_concepts -->
