<?xml version="1.0" encoding="UTF-8"?>
<!-- Generated by org.testng.reporters.JUnitReportReporter -->
<testsuite skipped="1" hostname="DESKTOP-CD7DCPV" name="com.testing.features.Ignore_concepts" tests="6" failures="0" timestamp="2022-04-01T18:06:01 IST" time="0.009" errors="0">
  <testcase name="wikipedia" time="0.001" classname="com.testing.features.Ignore_concepts"/>
  <system-out/>
  <testcase name="whatsapp" time="0.002" classname="com.testing.features.Ignore_concepts"/>
  <system-out/>
  <testcase name="facebook" time="0.001" classname="com.testing.features.Ignore_concepts"/>
  <system-out/>
  <testcase name="spotify" time="0.001" classname="com.testing.features.Ignore_concepts"/>
  <system-out/>
  <testcase name="wynk_music" time="0.004" classname="com.testing.features.Ignore_concepts"/>
  <system-out/>
  <testcase name="books" classname="com.testing.features.Ignore_concepts">
    <skipped/>
  </testcase> <!-- books -->
  <system-out/>
</testsuite> <!-- com.testing.features.Ignore_concepts -->
