<?xml version="1.0" encoding="UTF-8"?>
<!-- Generated by org.testng.reporters.JUnitReportReporter -->
<testsuite skipped="0" hostname="DESKTOP-CD7DCPV" name="com.testing.features.Assernotnull_concepts" tests="1" failures="0" timestamp="2022-04-06T22:01:07 IST" time="0.006" errors="0">
  <testcase name="username" time="0.006" classname="com.testing.features.Assernotnull_concepts"/>
  <system-out/>
</testsuite> <!-- com.testing.features.Assernotnull_concepts -->
