<?xml version="1.0" encoding="UTF-8"?>
<!-- Generated by org.testng.reporters.JUnitReportReporter -->
<testsuite skipped="0" hostname="DESKTOP-CD7DCPV" name="com.testing.features.Dependency_concepts" tests="3" failures="0" timestamp="2022-04-06T22:40:08 IST" time="0.013" errors="0">
  <testcase name="watch" time="0.001" classname="com.testing.features.Dependency_concepts"/>
  <system-out/>
  <testcase name="mobile" time="0.011" classname="com.testing.features.Dependency_concepts"/>
  <system-out/>
  <testcase name="offer" time="0.001" classname="com.testing.features.Dependency_concepts"/>
  <system-out/>
</testsuite> <!-- com.testing.features.Dependency_concepts -->
