<?xml version="1.0" encoding="UTF-8"?>
<!-- Generated by org.testng.reporters.JUnitReportReporter -->
<testsuite skipped="0" hostname="DESKTOP-CD7DCPV" name="com.testing.features.Parallel_concepts" tests="5" failures="0" timestamp="2022-04-06T23:05:47 IST" time="0.035" errors="0">
  <testcase name="username" time="0.007" classname="com.testing.features.Parallel_concepts"/>
  <system-out/>
  <testcase name="repassword" time="0.007" classname="com.testing.features.Parallel_concepts"/>
  <system-out/>
  <testcase name="password" time="0.007" classname="com.testing.features.Parallel_concepts"/>
  <system-out/>
  <testcase name="signout" time="0.007" classname="com.testing.features.Parallel_concepts"/>
  <system-out/>
  <testcase name="signin" time="0.007" classname="com.testing.features.Parallel_concepts"/>
  <system-out/>
</testsuite> <!-- com.testing.features.Parallel_concepts -->
