<?xml version="1.0" encoding="UTF-8"?>
<!-- Generated by org.testng.reporters.JUnitReportReporter -->
<testsuite skipped="0" hostname="DESKTOP-CD7DCPV" name="com.testing.features.Expected_exception" tests="1" failures="0" timestamp="2022-04-01T18:06:01 IST" time="0.001" errors="0">
  <testcase name="calculator" time="0.001" classname="com.testing.features.Expected_exception"/>
  <system-out/>
</testsuite> <!-- com.testing.features.Expected_exception -->
