<?xml version="1.0" encoding="UTF-8"?>
<!-- Generated by org.testng.reporters.JUnitReportReporter -->
<testsuite skipped="0" hostname="DESKTOP-CD7DCPV" name="com.testing.features.Assertenotquals_concepts" tests="1" failures="0" timestamp="2022-04-06T22:12:50 IST" time="0.008" errors="0">
  <testcase name="username" time="0.008" classname="com.testing.features.Assertenotquals_concepts"/>
  <system-out/>
</testsuite> <!-- com.testing.features.Assertenotquals_concepts -->
