<?xml version="1.0" encoding="UTF-8"?>
<!-- Generated by org.testng.reporters.JUnitReportReporter -->
<testsuite skipped="0" hostname="DESKTOP-CD7DCPV" name="com.testing.features.Invocation_concepts" tests="7" failures="0" timestamp="2022-04-01T18:06:01 IST" time="0.004" errors="0">
  <testcase name="credentials" time="0.000" classname="com.testing.features.Invocation_concepts"/>
  <system-out/>
  <testcase name="credentials" time="0.001" classname="com.testing.features.Invocation_concepts"/>
  <system-out/>
  <testcase name="credentials" time="0.000" classname="com.testing.features.Invocation_concepts"/>
  <system-out/>
  <testcase name="refresh" time="0.001" classname="com.testing.features.Invocation_concepts"/>
  <system-out/>
  <testcase name="refresh" time="0.001" classname="com.testing.features.Invocation_concepts"/>
  <system-out/>
  <testcase name="browser_launch" time="0.000" classname="com.testing.features.Invocation_concepts"/>
  <system-out/>
  <testcase name="launch_url" time="0.001" classname="com.testing.features.Invocation_concepts"/>
  <system-out/>
</testsuite> <!-- com.testing.features.Invocation_concepts -->
