<?xml version="1.0" encoding="UTF-8"?>
<!-- Generated by org.testng.reporters.JUnitReportReporter -->
<testsuite skipped="0" hostname="DESKTOP-CD7DCPV" name="com.testing.features.Gruopsofgroup_concepts" tests="4" failures="0" timestamp="2022-04-06T22:54:47 IST" time="0.012" errors="0">
  <testcase name="wikipedia" time="0.008" classname="com.testing.features.Gruopsofgroup_concepts"/>
  <system-out/>
  <testcase name="books" time="0.001" classname="com.testing.features.Gruopsofgroup_concepts"/>
  <system-out/>
  <testcase name="spotify" time="0.001" classname="com.testing.features.Gruopsofgroup_concepts"/>
  <system-out/>
  <testcase name="wynk_music" time="0.002" classname="com.testing.features.Gruopsofgroup_concepts"/>
  <system-out/>
</testsuite> <!-- com.testing.features.Gruopsofgroup_concepts -->
