<?xml version="1.0" encoding="UTF-8"?>
<!-- Generated by org.testng.reporters.JUnitReportReporter -->
<testsuite skipped="0" hostname="DESKTOP-CD7DCPV" name="com.Maven_Project1.AdactinRunnerwithtestNG" tests="1" failures="0" timestamp="2022-04-03T18:35:15 IST" time="9.015" errors="0">
  <testcase name="hotel_book" time="9.015" classname="com.Maven_Project1.AdactinRunnerwithtestNG"/>
  <system-out/>
</testsuite> <!-- com.Maven_Project1.AdactinRunnerwithtestNG -->
