<?xml version="1.0" encoding="UTF-8"?>
<!-- Generated by org.testng.reporters.JUnitReportReporter -->
<testsuite skipped="0" hostname="DESKTOP-CD7DCPV" name="com.testing.features.Annotation_demo" tests="3" failures="0" timestamp="2022-04-01T18:06:01 IST" time="0.010" errors="0">
  <testcase name="women" time="0.003" classname="com.testing.features.Annotation_demo"/>
  <system-out/>
  <testcase name="children" time="0.004" classname="com.testing.features.Annotation_demo"/>
  <system-out/>
  <testcase name="mens" time="0.003" classname="com.testing.features.Annotation_demo"/>
  <system-out/>
</testsuite> <!-- com.testing.features.Annotation_demo -->
