<?xml version="1.0" encoding="UTF-8"?>
<!-- Generated by org.testng.reporters.JUnitReportReporter -->
<testsuite skipped="0" hostname="DESKTOP-CD7DCPV" name="com.testing.features.Timeout_concepts" tests="1" failures="0" timestamp="2022-04-01T18:06:01 IST" time="5.063" errors="0">
  <testcase name="browser_execution" time="5.063" classname="com.testing.features.Timeout_concepts"/>
  <system-out/>
</testsuite> <!-- com.testing.features.Timeout_concepts -->
